C:\Users\user\Documents\python\nptelk.py
C:\Users\user\Documents\python\nptel5.py
C:\Users\user\Documents\python\rain.py
C:\Users\user\Documents\python\rain1.py
C:\Users\user\Documents\python\chakra2.py
C:\Users\user\Documents\python\code.py
C:\Users\user\Documents\python\largestnum.py
C:\Users\user\Documents\python\chakra.py
C:\Users\user\Documents\python\triangles.py
C:\Users\user\Documents\python\map1.py
C:\Users\user\Documents\python\map.py
C:\Users\user\Documents\python\guessnum.py
C:\Users\user\Documents\python\dice.py
C:\Users\user\Documents\complex.py
C:\Users\user\Documents\han_cricket.py
C:\Users\user\Documents\python\date.py
C:\Users\user\Documents\python\account.py
C:\Users\user\Documents\python\encry.py
C:\Users\user\Documents\python\decry.py
C:\Users\user\Documents\python\strch.py
C:\Users\user\Documents\python\numlower.py
